INFO 2023-09-25 16:00:33,864 autoreload 11804 11792 Watching for file changes with StatReloader
INFO 2023-09-25 16:02:14,671 autoreload 11804 11792 C:\Users\user\PycharmProjects\django seminars\djangoproject\settings.py changed, reloading.
INFO 2023-09-25 16:02:18,221 autoreload 2352 18292 Watching for file changes with StatReloader
INFO 2023-09-25 16:03:01,368 autoreload 11608 13408 Watching for file changes with StatReloader
INFO 2023-09-25 16:03:05,729 basehttp 11608 14164 "GET / HTTP/1.1" 200 13
INFO 2023-09-25 16:05:44,945 autoreload 11608 13408 C:\Users\user\PycharmProjects\django seminars\sem1_app\views.py changed, reloading.
INFO 2023-09-25 16:05:49,352 autoreload 7372 988 Watching for file changes with StatReloader
INFO 2023-09-25 16:05:58,140 autoreload 7372 988 C:\Users\user\PycharmProjects\django seminars\sem1_app\views.py changed, reloading.
INFO 2023-09-25 16:06:02,951 autoreload 6208 18156 Watching for file changes with StatReloader
INFO 2023-09-25 16:06:07,114 autoreload 6208 18156 C:\Users\user\PycharmProjects\django seminars\sem1_app\views.py changed, reloading.
INFO 2023-09-25 16:06:08,783 autoreload 7324 6072 Watching for file changes with StatReloader
INFO 2023-09-25 16:06:12,047 autoreload 7324 6072 C:\Users\user\PycharmProjects\django seminars\sem1_app\views.py changed, reloading.
INFO 2023-09-25 16:06:17,125 autoreload 14848 13992 Watching for file changes with StatReloader
INFO 2023-09-25 16:07:09,862 autoreload 14848 13992 C:\Users\user\PycharmProjects\django seminars\sem1_app\views.py changed, reloading.
INFO 2023-09-25 16:07:11,209 autoreload 11812 14052 Watching for file changes with StatReloader
INFO 2023-09-25 16:07:13,943 views 11812 7540 29
INFO 2023-09-25 16:07:13,959 basehttp 11812 7540 "GET / HTTP/1.1" 200 14
INFO 2023-09-25 16:07:39,843 views 11812 1144 54
INFO 2023-09-25 16:07:39,847 basehttp 11812 1144 "GET / HTTP/1.1" 200 14
INFO 2023-09-25 16:07:40,064 views 11812 1144 50
INFO 2023-09-25 16:07:40,066 basehttp 11812 1144 "GET / HTTP/1.1" 200 14
INFO 2023-09-25 16:07:40,250 views 11812 1144 3
INFO 2023-09-25 16:07:40,253 basehttp 11812 1144 "GET / HTTP/1.1" 200 13
INFO 2023-09-25 16:07:40,570 views 11812 1144 44
INFO 2023-09-25 16:07:40,573 basehttp 11812 1144 "GET / HTTP/1.1" 200 14
INFO 2023-09-25 16:11:26,022 autoreload 11812 14052 C:\Users\user\PycharmProjects\django seminars\sem1_app\urls.py changed, reloading.
INFO 2023-09-25 16:11:27,724 autoreload 15928 16576 Watching for file changes with StatReloader
INFO 2023-09-25 16:11:41,493 autoreload 15928 16576 C:\Users\user\PycharmProjects\django seminars\sem1_app\urls.py changed, reloading.
INFO 2023-09-25 16:11:43,729 autoreload 2760 18220 Watching for file changes with StatReloader
INFO 2023-09-25 16:11:47,499 basehttp 2760 1480 "GET /main HTTP/1.1" 301 0
INFO 2023-09-25 16:11:47,517 basehttp 2760 13608 "GET /main/ HTTP/1.1" 200 11
INFO 2023-09-25 16:11:52,248 basehttp 2760 13608 "GET /about HTTP/1.1" 301 0
INFO 2023-09-25 16:11:52,265 basehttp 2760 472 "GET /about/ HTTP/1.1" 200 3
INFO 2023-09-25 16:12:11,853 autoreload 2760 18220 C:\Users\user\PycharmProjects\django seminars\sem1_app\views.py changed, reloading.
INFO 2023-09-25 16:12:13,795 autoreload 10976 18272 Watching for file changes with StatReloader
INFO 2023-09-25 16:12:15,150 basehttp 10976 2492 "GET /main/ HTTP/1.1" 200 9
INFO 2023-09-25 16:12:20,972 autoreload 10976 18272 C:\Users\user\PycharmProjects\django seminars\sem1_app\views.py changed, reloading.
INFO 2023-09-25 16:12:22,981 autoreload 17592 13952 Watching for file changes with StatReloader
INFO 2023-09-25 16:12:23,352 basehttp 17592 2200 "GET /main/ HTTP/1.1" 200 18
INFO 2023-09-25 16:14:07,696 autoreload 17592 13952 C:\Users\user\PycharmProjects\django seminars\sem1_app\views.py changed, reloading.
INFO 2023-09-25 16:14:09,321 autoreload 15764 9672 Watching for file changes with StatReloader
INFO 2023-09-25 16:14:09,809 basehttp 15764 5848 "GET /main/ HTTP/1.1" 200 203
INFO 2023-09-25 16:14:36,146 autoreload 15764 9672 C:\Users\user\PycharmProjects\django seminars\sem1_app\views.py changed, reloading.
INFO 2023-09-25 16:14:38,586 autoreload 8984 13552 Watching for file changes with StatReloader
INFO 2023-09-25 16:15:14,051 autoreload 8984 13552 C:\Users\user\PycharmProjects\django seminars\sem1_app\views.py changed, reloading.
INFO 2023-09-25 16:15:16,056 autoreload 16608 5200 Watching for file changes with StatReloader
INFO 2023-09-25 16:17:13,040 autoreload 16608 5200 C:\Users\user\PycharmProjects\django seminars\sem1_app\views.py changed, reloading.
INFO 2023-09-25 16:17:14,934 autoreload 8460 12320 Watching for file changes with StatReloader
INFO 2023-09-25 16:18:30,177 autoreload 8460 12320 C:\Users\user\PycharmProjects\django seminars\sem1_app\views.py changed, reloading.
INFO 2023-09-25 16:18:32,296 autoreload 11116 17316 Watching for file changes with StatReloader
INFO 2023-09-25 16:18:32,662 views 11116 7808 Someone AnonymousUser saw this page /main/
INFO 2023-09-25 16:18:32,666 basehttp 11116 7808 "GET /main/ HTTP/1.1" 200 177
INFO 2023-09-25 16:18:42,117 views 11116 15632 Someone AnonymousUser saw this page /about/
INFO 2023-09-25 16:18:42,120 basehttp 11116 15632 "GET /about/ HTTP/1.1" 200 202
INFO 2023-09-25 16:18:57,165 autoreload 11116 17316 C:\Users\user\PycharmProjects\django seminars\sem1_app\views.py changed, reloading.
INFO 2023-09-25 16:18:59,244 autoreload 15048 17936 Watching for file changes with StatReloader
INFO 2023-09-26 13:08:48,199 autoreload 3284 17880 Watching for file changes with StatReloader
INFO 2023-09-26 13:08:58,007 autoreload 3284 17880 C:\Users\user\PycharmProjects\django seminars\djangoproject\settings.py changed, reloading.
INFO 2023-09-26 13:08:58,803 autoreload 11824 14740 Watching for file changes with StatReloader
INFO 2023-09-26 13:09:17,975 autoreload 16596 6588 Watching for file changes with StatReloader
INFO 2023-09-26 13:09:47,258 autoreload 16596 6588 C:\Users\user\PycharmProjects\django seminars\sem2_app\models.py changed, reloading.
INFO 2023-09-26 13:09:47,968 autoreload 9848 16936 Watching for file changes with StatReloader
INFO 2023-09-26 13:10:30,050 autoreload 9848 16936 C:\Users\user\PycharmProjects\django seminars\shop_app\models.py changed, reloading.
INFO 2023-09-26 13:10:31,006 autoreload 16652 11340 Watching for file changes with StatReloader
INFO 2023-09-26 13:15:30,964 autoreload 16652 11340 C:\Users\user\PycharmProjects\django seminars\shop_app\models.py changed, reloading.
INFO 2023-09-26 13:15:31,882 autoreload 8100 5284 Watching for file changes with StatReloader
INFO 2023-09-26 13:15:48,027 autoreload 8100 5284 C:\Users\user\PycharmProjects\django seminars\shop_app\models.py changed, reloading.
INFO 2023-09-26 13:15:48,836 autoreload 9356 7400 Watching for file changes with StatReloader
INFO 2023-09-26 13:15:54,599 autoreload 9356 7400 C:\Users\user\PycharmProjects\django seminars\shop_app\models.py changed, reloading.
INFO 2023-09-26 13:15:55,583 autoreload 9008 5016 Watching for file changes with StatReloader
INFO 2023-09-26 13:16:22,302 autoreload 9008 5016 C:\Users\user\PycharmProjects\django seminars\shop_app\models.py changed, reloading.
INFO 2023-09-26 13:16:23,572 autoreload 9972 10420 Watching for file changes with StatReloader
INFO 2023-09-26 13:19:51,472 autoreload 9972 10420 C:\Users\user\PycharmProjects\django seminars\shop_app\models.py changed, reloading.
INFO 2023-09-26 13:19:52,343 autoreload 8332 17800 Watching for file changes with StatReloader
INFO 2023-09-26 13:20:26,354 autoreload 8332 17800 C:\Users\user\PycharmProjects\django seminars\shop_app\models.py changed, reloading.
INFO 2023-09-26 13:20:27,150 autoreload 15720 7624 Watching for file changes with StatReloader
INFO 2023-09-26 13:21:35,344 autoreload 15720 7624 C:\Users\user\PycharmProjects\django seminars\shop_app\models.py changed, reloading.
INFO 2023-09-26 13:21:36,164 autoreload 13060 9572 Watching for file changes with StatReloader
INFO 2023-09-26 13:22:16,015 autoreload 13060 9572 C:\Users\user\PycharmProjects\django seminars\shop_app\models.py changed, reloading.
INFO 2023-09-26 13:22:16,754 autoreload 8216 5832 Watching for file changes with StatReloader
INFO 2023-09-26 13:22:33,251 autoreload 8216 5832 C:\Users\user\PycharmProjects\django seminars\shop_app\models.py changed, reloading.
INFO 2023-09-26 13:22:33,920 autoreload 11524 17544 Watching for file changes with StatReloader
INFO 2023-09-26 13:22:47,984 autoreload 11524 17544 C:\Users\user\PycharmProjects\django seminars\shop_app\models.py changed, reloading.
INFO 2023-09-26 13:22:48,929 autoreload 6924 16924 Watching for file changes with StatReloader
INFO 2023-09-26 13:22:59,093 autoreload 6924 16924 C:\Users\user\PycharmProjects\django seminars\shop_app\models.py changed, reloading.
INFO 2023-09-26 13:23:00,104 autoreload 6968 16456 Watching for file changes with StatReloader
INFO 2023-09-26 13:23:12,032 autoreload 6968 16456 C:\Users\user\PycharmProjects\django seminars\shop_app\models.py changed, reloading.
INFO 2023-09-26 13:23:12,710 autoreload 16024 3772 Watching for file changes with StatReloader
INFO 2023-09-26 13:27:47,293 autoreload 16024 3772 C:\Users\user\PycharmProjects\django seminars\shop_app\models.py changed, reloading.
INFO 2023-09-26 13:27:48,743 autoreload 8624 5396 Watching for file changes with StatReloader
INFO 2023-09-26 13:28:57,097 autoreload 8624 5396 C:\Users\user\PycharmProjects\django seminars\shop_app\models.py changed, reloading.
INFO 2023-09-26 13:28:58,065 autoreload 12348 12148 Watching for file changes with StatReloader
INFO 2023-09-26 13:29:23,923 autoreload 12348 12148 C:\Users\user\PycharmProjects\django seminars\shop_app\models.py changed, reloading.
INFO 2023-09-26 13:29:24,804 autoreload 8032 6272 Watching for file changes with StatReloader
INFO 2023-09-26 13:29:35,723 autoreload 8032 6272 C:\Users\user\PycharmProjects\django seminars\shop_app\models.py changed, reloading.
INFO 2023-09-26 13:29:36,412 autoreload 6224 3600 Watching for file changes with StatReloader
INFO 2023-09-26 13:30:28,324 autoreload 6224 3600 C:\Users\user\PycharmProjects\django seminars\shop_app\models.py changed, reloading.
INFO 2023-09-26 13:30:29,137 autoreload 7140 9332 Watching for file changes with StatReloader
INFO 2023-09-26 13:31:00,129 autoreload 7140 9332 C:\Users\user\PycharmProjects\django seminars\shop_app\models.py changed, reloading.
INFO 2023-09-26 13:31:00,890 autoreload 1372 9108 Watching for file changes with StatReloader
INFO 2023-09-26 13:31:13,148 autoreload 1372 9108 C:\Users\user\PycharmProjects\django seminars\shop_app\models.py changed, reloading.
INFO 2023-09-26 13:31:13,903 autoreload 15000 6960 Watching for file changes with StatReloader
INFO 2023-09-26 13:31:44,866 autoreload 15000 6960 C:\Users\user\PycharmProjects\django seminars\shop_app\models.py changed, reloading.
INFO 2023-09-26 13:31:46,134 autoreload 16792 472 Watching for file changes with StatReloader
INFO 2023-09-26 13:41:28,209 autoreload 17564 14040 Watching for file changes with StatReloader
INFO 2023-09-26 13:41:29,721 views 17564 4948 45
INFO 2023-09-26 13:41:29,722 basehttp 17564 4948 "GET / HTTP/1.1" 200 14
INFO 2023-09-26 13:42:16,751 autoreload 13756 15784 Watching for file changes with StatReloader
INFO 2023-09-26 13:42:18,158 views 13756 4760 37
INFO 2023-09-26 13:42:18,159 basehttp 13756 4760 "GET / HTTP/1.1" 200 14
